# JRE version: Java(TM) SE Runtime Environment (9.0+11) (build 9.0.1+11)
# Java VM: Java HotSpot(TM) 64-Bit Server VM (9.0.1+11, mixed mode, tiered, compressed oops, g1 gc, windows-amd64)
Heap:
 garbage-first heap   total 78848K, used 33170K [0x00000000c1e00000, 0x00000000c1f00268, 0x0000000100000000)
  region size 1024K, 16 young (16384K), 3 survivors (3072K)
 Metaspace       used 28174K, capacity 31169K, committed 31232K, reserved 1077248K
  class space    used 3574K, capacity 4069K, committed 4096K, reserved 1048576K
GC Heap History (10 events):
Event: 1.073 GC heap before
{Heap before GC invocations=0 (full 0):
 garbage-first heap   total 65536K, used 14336K [0x00000000c1e00000, 0x00000000c1f00200, 0x0000000100000000)
  region size 1024K, 14 young (14336K), 0 survivors (0K)
 Metaspace       used 11053K, capacity 11756K, committed 11904K, reserved 1060864K
  class space    used 1151K, capacity 1304K, committed 1408K, reserved 1048576K
}
Event: 1.079 GC heap after
{Heap after GC invocations=1 (full 0):
 garbage-first heap   total 65536K, used 2547K [0x00000000c1e00000, 0x00000000c1f00200, 0x0000000100000000)
  region size 1024K, 2 young (2048K), 2 survivors (2048K)
 Metaspace       used 11053K, capacity 11756K, committed 11904K, reserved 1060864K
  class space    used 1151K, capacity 1304K, committed 1408K, reserved 1048576K
}
Event: 2.784 GC heap before
{Heap before GC invocations=1 (full 0):
 garbage-first heap   total 65536K, used 22003K [0x00000000c1e00000, 0x00000000c1f00200, 0x0000000100000000)
  region size 1024K, 22 young (22528K), 2 survivors (2048K)
 Metaspace       used 19845K, capacity 21257K, committed 21296K, reserved 1069056K
  class space    used 2401K, capacity 2688K, committed 2688K, reserved 1048576K
}
Event: 2.795 GC heap after
{Heap after GC invocations=2 (full 0):
 garbage-first heap   total 65536K, used 6799K [0x00000000c1e00000, 0x00000000c1f00200, 0x0000000100000000)
  region size 1024K, 5 young (5120K), 5 survivors (5120K)
 Metaspace       used 19845K, capacity 21257K, committed 21296K, reserved 1069056K
  class space    used 2401K, capacity 2688K, committed 2688K, reserved 1048576K
}
Event: 2.955 GC heap before
{Heap before GC invocations=3 (full 0):
 garbage-first heap   total 65536K, used 8847K [0x00000000c1e00000, 0x00000000c1f00200, 0x0000000100000000)
  region size 1024K, 7 young (7168K), 5 survivors (5120K)
 Metaspace       used 20393K, capacity 21827K, committed 21936K, reserved 1069056K
  class space    used 2489K, capacity 2794K, committed 2816K, reserved 1048576K
}
Event: 2.969 GC heap after
{Heap after GC invocations=4 (full 0):
 garbage-first heap   total 65536K, used 7620K [0x00000000c1e00000, 0x00000000c1f00200, 0x0000000100000000)
  region size 1024K, 1 young (1024K), 1 survivors (1024K)
 Metaspace       used 20393K, capacity 21827K, committed 21936K, reserved 1069056K
  class space    used 2489K, capacity 2794K, committed 2816K, reserved 1048576K
}
Event: 3.947 GC heap before
{Heap before GC invocations=4 (full 0):
 garbage-first heap   total 65536K, used 28100K [0x00000000c1e00000, 0x00000000c1f00200, 0x0000000100000000)
  region size 1024K, 21 young (21504K), 1 survivors (1024K)
 Metaspace       used 25107K, capacity 27939K, committed 28160K, reserved 1073152K
  class space    used 3363K, capacity 3832K, committed 3840K, reserved 1048576K
}
Event: 3.959 GC heap after
{Heap after GC invocations=5 (full 0):
 garbage-first heap   total 65536K, used 12640K [0x00000000c1e00000, 0x00000000c1f00200, 0x0000000100000000)
  region size 1024K, 3 young (3072K), 3 survivors (3072K)
 Metaspace       used 25107K, capacity 27939K, committed 28160K, reserved 1073152K
  class space    used 3363K, capacity 3832K, committed 3840K, reserved 1048576K
}
Event: 42.154 GC heap before
{Heap before GC invocations=5 (full 0):
 garbage-first heap   total 65536K, used 39264K [0x00000000c1e00000, 0x00000000c1f00200, 0x0000000100000000)
  region size 1024K, 23 young (23552K), 3 survivors (3072K)
 Metaspace       used 28036K, capacity 31095K, committed 31232K, reserved 1077248K
  class space    used 3573K, capacity 4068K, committed 4096K, reserved 1048576K
}
Event: 42.171 GC heap after
{Heap after GC invocations=6 (full 0):
 garbage-first heap   total 78848K, used 20882K [0x00000000c1e00000, 0x00000000c1f00268, 0x0000000100000000)
  region size 1024K, 3 young (3072K), 3 survivors (3072K)
 Metaspace       used 28036K, capacity 31095K, committed 31232K, reserved 1077248K
  class space    used 3573K, capacity 4068K, committed 4096K, reserved 1048576K
}

