# JRE version: Java(TM) SE Runtime Environment (9.0+11) (build 9.0.1+11)
# Java VM: Java HotSpot(TM) 64-Bit Server VM (9.0.1+11, mixed mode, tiered, compressed oops, g1 gc, windows-amd64)
Heap:
 garbage-first heap   total 65536K, used 37364K [0x00000000c1e00000, 0x00000000c1f00200, 0x0000000100000000)
  region size 1024K, 21 young (21504K), 3 survivors (3072K)
 Metaspace       used 28014K, capacity 31023K, committed 31232K, reserved 1077248K
  class space    used 3568K, capacity 4068K, committed 4096K, reserved 1048576K
GC Heap History (8 events):
Event: 0.779 GC heap before
{Heap before GC invocations=0 (full 0):
 garbage-first heap   total 65536K, used 14336K [0x00000000c1e00000, 0x00000000c1f00200, 0x0000000100000000)
  region size 1024K, 14 young (14336K), 0 survivors (0K)
 Metaspace       used 10926K, capacity 11460K, committed 11520K, reserved 1058816K
  class space    used 1136K, capacity 1260K, committed 1280K, reserved 1048576K
}
Event: 0.784 GC heap after
{Heap after GC invocations=1 (full 0):
 garbage-first heap   total 65536K, used 2636K [0x00000000c1e00000, 0x00000000c1f00200, 0x0000000100000000)
  region size 1024K, 2 young (2048K), 2 survivors (2048K)
 Metaspace       used 10926K, capacity 11460K, committed 11520K, reserved 1058816K
  class space    used 1136K, capacity 1260K, committed 1280K, reserved 1048576K
}
Event: 2.803 GC heap before
{Heap before GC invocations=1 (full 0):
 garbage-first heap   total 65536K, used 22092K [0x00000000c1e00000, 0x00000000c1f00200, 0x0000000100000000)
  region size 1024K, 22 young (22528K), 2 survivors (2048K)
 Metaspace       used 19831K, capacity 21257K, committed 21296K, reserved 1069056K
  class space    used 2393K, capacity 2688K, committed 2688K, reserved 1048576K
}
Event: 2.817 GC heap after
{Heap after GC invocations=2 (full 0):
 garbage-first heap   total 65536K, used 7168K [0x00000000c1e00000, 0x00000000c1f00200, 0x0000000100000000)
  region size 1024K, 5 young (5120K), 5 survivors (5120K)
 Metaspace       used 19831K, capacity 21257K, committed 21296K, reserved 1069056K
  class space    used 2393K, capacity 2688K, committed 2688K, reserved 1048576K
}
Event: 3.177 GC heap before
{Heap before GC invocations=3 (full 0):
 garbage-first heap   total 65536K, used 12288K [0x00000000c1e00000, 0x00000000c1f00200, 0x0000000100000000)
  region size 1024K, 10 young (10240K), 5 survivors (5120K)
 Metaspace       used 22129K, capacity 23883K, committed 24192K, reserved 1071104K
  class space    used 2813K, capacity 3144K, committed 3200K, reserved 1048576K
}
Event: 3.189 GC heap after
{Heap after GC invocations=4 (full 0):
 garbage-first heap   total 65536K, used 7694K [0x00000000c1e00000, 0x00000000c1f00200, 0x0000000100000000)
  region size 1024K, 1 young (1024K), 1 survivors (1024K)
 Metaspace       used 22129K, capacity 23883K, committed 24192K, reserved 1071104K
  class space    used 2813K, capacity 3144K, committed 3200K, reserved 1048576K
}
Event: 4.097 GC heap before
{Heap before GC invocations=4 (full 0):
 garbage-first heap   total 65536K, used 28174K [0x00000000c1e00000, 0x00000000c1f00200, 0x0000000100000000)
  region size 1024K, 21 young (21504K), 1 survivors (1024K)
 Metaspace       used 25337K, capacity 28157K, committed 28288K, reserved 1073152K
  class space    used 3378K, capacity 3883K, committed 3968K, reserved 1048576K
}
Event: 4.115 GC heap after
{Heap after GC invocations=5 (full 0):
 garbage-first heap   total 65536K, used 13812K [0x00000000c1e00000, 0x00000000c1f00200, 0x0000000100000000)
  region size 1024K, 3 young (3072K), 3 survivors (3072K)
 Metaspace       used 25337K, capacity 28157K, committed 28288K, reserved 1073152K
  class space    used 3378K, capacity 3883K, committed 3968K, reserved 1048576K
}

